2018-12-19 16:11:56,994 INFO o.a.j.u.JMeterUtils: Setting Locale to en_EN
2018-12-19 16:11:57,030 INFO o.a.j.JMeter: Loading user properties from: /usr/local/Cellar/jmeter/4.0/libexec/bin/user.properties
2018-12-19 16:11:57,033 INFO o.a.j.JMeter: Loading system properties from: /usr/local/Cellar/jmeter/4.0/libexec/bin/system.properties
2018-12-19 16:11:57,042 INFO o.a.j.JMeter: Copyright (c) 1998-2018 The Apache Software Foundation
2018-12-19 16:11:57,042 INFO o.a.j.JMeter: Version 4.0 r1823414
2018-12-19 16:11:57,042 INFO o.a.j.JMeter: java.version=1.8.0_65
2018-12-19 16:11:57,042 INFO o.a.j.JMeter: java.vm.name=Java HotSpot(TM) 64-Bit Server VM
2018-12-19 16:11:57,042 INFO o.a.j.JMeter: os.name=Mac OS X
2018-12-19 16:11:57,042 INFO o.a.j.JMeter: os.arch=x86_64
2018-12-19 16:11:57,042 INFO o.a.j.JMeter: os.version=10.11.6
2018-12-19 16:11:57,042 INFO o.a.j.JMeter: file.encoding=UTF-8
2018-12-19 16:11:57,043 INFO o.a.j.JMeter: Max memory     =1073741824
2018-12-19 16:11:57,043 INFO o.a.j.JMeter: Available Processors =4
2018-12-19 16:11:57,048 INFO o.a.j.JMeter: Default Locale=English (EN)
2018-12-19 16:11:57,048 INFO o.a.j.JMeter: JMeter  Locale=English (EN)
2018-12-19 16:11:57,048 INFO o.a.j.JMeter: JMeterHome=/usr/local/Cellar/jmeter/4.0/libexec
2018-12-19 16:11:57,048 INFO o.a.j.JMeter: user.dir  =/Users/chiragpandit/gitprojects/ReactJS_NetNinjaSeries/formsubmit
2018-12-19 16:11:57,049 INFO o.a.j.JMeter: PWD       =/Users/chiragpandit/gitprojects/ReactJS_NetNinjaSeries/formsubmit
2018-12-19 16:11:57,050 INFO o.a.j.JMeter: IP: 10.124.92.122 Name: LAP-073.local FullName: 10.124.92.122
2018-12-19 16:11:57,055 INFO o.a.j.s.FileServer: Default base='/Users/chiragpandit/gitprojects/ReactJS_NetNinjaSeries/formsubmit'
2018-12-19 16:11:57,066 INFO o.a.j.s.FileServer: Set new base='/Users/chiragpandit/gitprojects/LMAutomation/MileDemo/TrackingDataPut'
2018-12-19 16:11:57,510 INFO o.a.j.s.SaveService: Testplan (JMX) version: 2.2. Testlog (JTL) version: 2.2
2018-12-19 16:11:57,533 INFO o.a.j.s.SaveService: Using SaveService properties file encoding UTF-8
2018-12-19 16:11:57,543 INFO o.a.j.s.SaveService: Using SaveService properties version 4.0
2018-12-19 16:11:57,554 INFO o.a.j.s.SaveService: Loading file: /Users/chiragpandit/gitprojects/LMAutomation/MileDemo/TrackingDataPut/TrackingDataPut.jmx
2018-12-19 16:11:57,651 INFO o.a.j.p.h.s.HTTPSamplerBase: Parser for text/html is org.apache.jmeter.protocol.http.parser.LagartoBasedHtmlParser
2018-12-19 16:11:57,651 INFO o.a.j.p.h.s.HTTPSamplerBase: Parser for application/xhtml+xml is org.apache.jmeter.protocol.http.parser.LagartoBasedHtmlParser
2018-12-19 16:11:57,652 INFO o.a.j.p.h.s.HTTPSamplerBase: Parser for application/xml is org.apache.jmeter.protocol.http.parser.LagartoBasedHtmlParser
2018-12-19 16:11:57,652 INFO o.a.j.p.h.s.HTTPSamplerBase: Parser for text/xml is org.apache.jmeter.protocol.http.parser.LagartoBasedHtmlParser
2018-12-19 16:11:57,652 INFO o.a.j.p.h.s.HTTPSamplerBase: Parser for text/vnd.wap.wml is org.apache.jmeter.protocol.http.parser.RegexpHTMLParser
2018-12-19 16:11:57,652 INFO o.a.j.p.h.s.HTTPSamplerBase: Parser for text/css is org.apache.jmeter.protocol.http.parser.CssParser
2018-12-19 16:11:57,819 INFO o.a.j.JMeter: Creating summariser <summary>
2018-12-19 16:11:57,828 INFO o.a.j.e.StandardJMeterEngine: Running the test!
2018-12-19 16:11:57,828 INFO o.a.j.s.SampleEvent: List of sample_variables: []
2018-12-19 16:11:57,829 INFO o.a.j.s.SampleEvent: List of sample_variables: []
2018-12-19 16:11:57,836 INFO o.a.j.e.u.CompoundVariable: Note: Function class names must contain the string: '.functions.'
2018-12-19 16:11:57,836 INFO o.a.j.e.u.CompoundVariable: Note: Function class names must not contain the string: '.gui.'
2018-12-19 16:11:58,777 WARN o.a.j.r.ResultCollector: Error creating directories for /Users/radhika/Desktop
2018-12-19 16:11:58,778 INFO o.a.j.JMeter: Running test (1545216118778)
2018-12-19 16:11:58,830 INFO o.a.j.e.StandardJMeterEngine: Starting ThreadGroup: 1 : Tracking service PUT
2018-12-19 16:11:58,830 INFO o.a.j.e.StandardJMeterEngine: Starting 10 threads for group Tracking service PUT.
2018-12-19 16:11:58,830 INFO o.a.j.e.StandardJMeterEngine: Thread will continue on error
2018-12-19 16:11:58,831 INFO o.a.j.t.ThreadGroup: Starting thread group... number=1 threads=10 ramp-up=10 perThread=1000.0 delayedStart=false
2018-12-19 16:11:58,846 INFO o.a.j.t.ThreadGroup: Started thread group number 1
2018-12-19 16:11:58,846 INFO o.a.j.e.StandardJMeterEngine: All thread groups have been started
2018-12-19 16:11:58,880 INFO o.a.j.t.JMeterThread: Thread started: Tracking service PUT 1-1
2018-12-19 16:11:58,885 INFO o.a.j.s.FileServer: Stored: ./trackingrecords.csv
2018-12-19 16:11:58,888 INFO o.a.j.s.FileServer: Stored: ./trackingUserDetails.csv
2018-12-19 16:11:59,881 INFO o.a.j.t.JMeterThread: Thread started: Tracking service PUT 1-2
2018-12-19 16:12:00,883 INFO o.a.j.t.JMeterThread: Thread started: Tracking service PUT 1-3
2018-12-19 16:12:01,884 INFO o.a.j.t.JMeterThread: Thread started: Tracking service PUT 1-4
2018-12-19 16:12:02,883 INFO o.a.j.t.JMeterThread: Thread started: Tracking service PUT 1-5
2018-12-19 16:12:03,880 INFO o.a.j.t.JMeterThread: Thread started: Tracking service PUT 1-6
2018-12-19 16:12:03,945 INFO o.a.j.p.h.s.HTTPHCAbstractImpl: Local host = LAP-073.local
2018-12-19 16:12:03,952 INFO o.a.j.p.h.s.HTTPHC4Impl: HTTP request retry count = 0
2018-12-19 16:12:03,963 INFO o.a.j.s.SampleResult: Note: Sample TimeStamps are START times
2018-12-19 16:12:03,963 INFO o.a.j.s.SampleResult: sampleresult.default.encoding is set to ISO-8859-1
2018-12-19 16:12:03,963 INFO o.a.j.s.SampleResult: sampleresult.useNanoTime=true
2018-12-19 16:12:03,963 INFO o.a.j.s.SampleResult: sampleresult.nanoThreadSleep=5000
2018-12-19 16:12:04,544 INFO o.a.j.p.h.s.LazySchemeSocketFactory: Setting up HTTPS TrustAll Socket Factory
2018-12-19 16:12:04,553 INFO o.a.j.u.JsseSSLManager: Using default SSL protocol: TLS
2018-12-19 16:12:04,554 INFO o.a.j.u.JsseSSLManager: SSL session context: per-thread
2018-12-19 16:12:04,847 INFO o.a.j.u.SSLManager: JmeterKeyStore Location:  type JKS
2018-12-19 16:12:04,849 INFO o.a.j.u.SSLManager: KeyStore created OK
2018-12-19 16:12:04,849 WARN o.a.j.u.SSLManager: Keystore file not found, loading empty keystore
2018-12-19 16:12:04,875 INFO o.a.j.t.JMeterThread: Thread started: Tracking service PUT 1-7
2018-12-19 16:12:05,850 INFO o.a.j.r.Summariser: summary +      1 in 00:00:07 =    0.1/s Avg:  1833 Min:  1833 Max:  1833 Err:     0 (0.00%) Active: 7 Started: 7 Finished: 0
2018-12-19 16:12:05,884 INFO o.a.j.t.JMeterThread: Thread started: Tracking service PUT 1-8
2018-12-19 16:12:06,881 INFO o.a.j.t.JMeterThread: Thread started: Tracking service PUT 1-9
2018-12-19 16:12:07,880 INFO o.a.j.t.JMeterThread: Thread started: Tracking service PUT 1-10
2018-12-19 16:12:30,726 INFO o.a.j.r.Summariser: summary +     42 in 00:00:25 =    1.7/s Avg:   785 Min:   560 Max:  1489 Err:     0 (0.00%) Active: 10 Started: 10 Finished: 0
2018-12-19 16:12:30,729 INFO o.a.j.r.Summariser: summary =     43 in 00:00:32 =    1.3/s Avg:   809 Min:   560 Max:  1833 Err:     0 (0.00%)
2018-12-19 16:13:00,393 INFO o.a.j.r.Summariser: summary +     51 in 00:00:30 =    1.7/s Avg:   693 Min:   558 Max:  1760 Err:     0 (0.00%) Active: 10 Started: 10 Finished: 0
2018-12-19 16:13:00,400 INFO o.a.j.r.Summariser: summary =     94 in 00:01:02 =    1.5/s Avg:   746 Min:   558 Max:  1833 Err:     0 (0.00%)
2018-12-19 16:13:30,152 INFO o.a.j.r.Summariser: summary +     52 in 00:00:30 =    1.7/s Avg:   744 Min:   560 Max:  1367 Err:     0 (0.00%) Active: 10 Started: 10 Finished: 0
2018-12-19 16:13:30,157 INFO o.a.j.r.Summariser: summary =    146 in 00:01:31 =    1.6/s Avg:   746 Min:   558 Max:  1833 Err:     0 (0.00%)
2018-12-19 16:14:00,583 INFO o.a.j.r.Summariser: summary +     50 in 00:00:30 =    1.6/s Avg:   911 Min:   619 Max:  2694 Err:     0 (0.00%) Active: 10 Started: 10 Finished: 0
2018-12-19 16:14:00,588 INFO o.a.j.r.Summariser: summary =    196 in 00:02:02 =    1.6/s Avg:   788 Min:   558 Max:  2694 Err:     0 (0.00%)
2018-12-19 16:14:30,145 INFO o.a.j.r.Summariser: summary +     51 in 00:00:30 =    1.7/s Avg:   934 Min:   567 Max:  2244 Err:     0 (0.00%) Active: 10 Started: 10 Finished: 0
2018-12-19 16:14:30,149 INFO o.a.j.r.Summariser: summary =    247 in 00:02:31 =    1.6/s Avg:   818 Min:   558 Max:  2694 Err:     0 (0.00%)
2018-12-19 16:15:00,165 INFO o.a.j.r.Summariser: summary +     52 in 00:00:30 =    1.7/s Avg:   695 Min:   561 Max:  1131 Err:     0 (0.00%) Active: 10 Started: 10 Finished: 0
2018-12-19 16:15:00,170 INFO o.a.j.r.Summariser: summary =    299 in 00:03:01 =    1.6/s Avg:   797 Min:   558 Max:  2694 Err:     0 (0.00%)
2018-12-19 16:15:32,364 INFO o.a.j.r.Summariser: summary +     55 in 00:00:32 =    1.7/s Avg:   767 Min:   582 Max:  3443 Err:     0 (0.00%) Active: 10 Started: 10 Finished: 0
2018-12-19 16:15:32,367 INFO o.a.j.r.Summariser: summary =    354 in 00:03:34 =    1.7/s Avg:   792 Min:   558 Max:  3443 Err:     0 (0.00%)
2018-12-19 16:16:01,396 INFO o.a.j.r.Summariser: summary +     50 in 00:00:29 =    1.7/s Avg:   797 Min:   578 Max:  1464 Err:     0 (0.00%) Active: 10 Started: 10 Finished: 0
2018-12-19 16:16:01,399 INFO o.a.j.r.Summariser: summary =    404 in 00:04:03 =    1.7/s Avg:   793 Min:   558 Max:  3443 Err:     0 (0.00%)
2018-12-19 16:16:30,054 INFO o.a.j.r.Summariser: summary +     50 in 00:00:29 =    1.7/s Avg:   675 Min:   571 Max:   853 Err:     0 (0.00%) Active: 10 Started: 10 Finished: 0
2018-12-19 16:16:30,058 INFO o.a.j.r.Summariser: summary =    454 in 00:04:31 =    1.7/s Avg:   780 Min:   558 Max:  3443 Err:     0 (0.00%)
2018-12-19 16:16:48,909 INFO o.a.j.t.JMeterThread: Thread is done: Tracking service PUT 1-2
2018-12-19 16:16:48,910 INFO o.a.j.t.JMeterThread: Thread finished: Tracking service PUT 1-2
2018-12-19 16:16:49,080 INFO o.a.j.t.JMeterThread: Thread is done: Tracking service PUT 1-6
2018-12-19 16:16:49,081 INFO o.a.j.t.JMeterThread: Thread finished: Tracking service PUT 1-6
2018-12-19 16:16:50,133 INFO o.a.j.t.JMeterThread: Thread is done: Tracking service PUT 1-4
2018-12-19 16:16:50,134 INFO o.a.j.t.JMeterThread: Thread finished: Tracking service PUT 1-4
2018-12-19 16:16:51,491 INFO o.a.j.t.JMeterThread: Thread is done: Tracking service PUT 1-1
2018-12-19 16:16:51,491 INFO o.a.j.t.JMeterThread: Thread finished: Tracking service PUT 1-1
2018-12-19 16:16:55,905 INFO o.a.j.t.JMeterThread: Thread is done: Tracking service PUT 1-9
2018-12-19 16:16:55,908 INFO o.a.j.t.JMeterThread: Thread finished: Tracking service PUT 1-9
2018-12-19 16:16:56,108 INFO o.a.j.t.JMeterThread: Thread is done: Tracking service PUT 1-5
2018-12-19 16:16:56,109 INFO o.a.j.t.JMeterThread: Thread finished: Tracking service PUT 1-5
2018-12-19 16:16:56,112 INFO o.a.j.t.JMeterThread: Thread is done: Tracking service PUT 1-8
2018-12-19 16:16:56,112 INFO o.a.j.t.JMeterThread: Thread finished: Tracking service PUT 1-8
2018-12-19 16:16:56,544 INFO o.a.j.t.JMeterThread: Thread is done: Tracking service PUT 1-7
2018-12-19 16:16:56,544 INFO o.a.j.t.JMeterThread: Thread finished: Tracking service PUT 1-7
2018-12-19 16:16:56,797 INFO o.a.j.t.JMeterThread: Thread is done: Tracking service PUT 1-3
2018-12-19 16:16:56,797 INFO o.a.j.t.JMeterThread: Thread finished: Tracking service PUT 1-3
2018-12-19 16:16:59,574 INFO o.a.j.t.JMeterThread: Thread is done: Tracking service PUT 1-10
2018-12-19 16:16:59,574 INFO o.a.j.t.JMeterThread: Thread finished: Tracking service PUT 1-10
2018-12-19 16:16:59,575 INFO o.a.j.e.StandardJMeterEngine: Notifying test listeners of end of test
2018-12-19 16:16:59,577 INFO o.a.j.s.FileServer: Close: ./trackingrecords.csv
2018-12-19 16:16:59,577 INFO o.a.j.s.FileServer: Close: ./trackingUserDetails.csv
2018-12-19 16:16:59,582 INFO o.a.j.r.Summariser: summary +     46 in 00:00:30 =    1.6/s Avg:  1088 Min:   573 Max:  2586 Err:     0 (0.00%) Active: 0 Started: 10 Finished: 10
2018-12-19 16:16:59,583 INFO o.a.j.r.Summariser: summary =    500 in 00:05:01 =    1.7/s Avg:   808 Min:   558 Max:  3443 Err:     0 (0.00%)
